<?xml version="1.0" encoding="UTF-8"?>
<!-- Generated by org.testng.reporters.JUnitXMLReporter -->
<testsuite ignored="0" hostname="Iamsherlock" failures="0" tests="1" name="Test1" time="1.582" errors="0" timestamp="2025-03-08T23:49:41 IST">
  <testcase classname="com.bms.BookMyShow.BMSTest" name="@BeforeMethod setup" time="1.535">
    <failure type="java.lang.NullPointerException" message="Cannot invoke &amp;quot;com.aventstack.extentreports.ExtentReports.createTest(String)&amp;quot; because &amp;quot;com.bms.BookMyShow.ExtentReportManager.extent&amp;quot; is null">
      <![CDATA[java.lang.NullPointerException: Cannot invoke "com.aventstack.extentreports.ExtentReports.createTest(String)" because "com.bms.BookMyShow.ExtentReportManager.extent" is null
at com.bms.BookMyShow.ExtentReportManager.createTest(ExtentReportManager.java:23)
at com.bms.BookMyShow.BMSTest.setup(BMSTest.java:44)
at java.base/java.util.ArrayList.forEach(ArrayList.java:1597)
at java.base/java.util.concurrent.FutureTask.run(FutureTask.java:317)
at java.base/java.util.concurrent.ThreadPoolExecutor.runWorker(ThreadPoolExecutor.java:1144)
at java.base/java.util.concurrent.ThreadPoolExecutor$Worker.run(ThreadPoolExecutor.java:642)
at java.base/java.lang.Thread.run(Thread.java:1575)
... Removed 19 stack frames]]>
    </failure>
  </testcase> <!-- @BeforeMethod setup -->
  <testcase classname="com.bms.BookMyShow.BMSTest" name="@AfterMethod tearDown" time="0.0">
    <skipped/>
  </testcase> <!-- @AfterMethod tearDown -->
  <testcase classname="com.bms.BookMyShow.BMSTest" name="testBookTickets" time="0.0">
    <skipped/>
  </testcase> <!-- testBookTickets -->
</testsuite> <!-- Test1 -->
