<?xml version="1.0" encoding="UTF-8"?>
<testng-results ignored="0" total="1" passed="1" failed="0" skipped="0">
  <reporter-output>
  </reporter-output>
  <suite started-at="2025-03-09T00:22:30 IST" name="Default suite" finished-at="2025-03-09T00:22:43 IST" duration-ms="13703">
    <groups>
    </groups>
    <test started-at="2025-03-09T00:22:30 IST" name="Default test" finished-at="2025-03-09T00:22:43 IST" duration-ms="13703">
      <class name="com.bms.BookMyShow.BMSTest">
        <test-method is-config="true" signature="setup()[pri:0, instance:com.bms.BookMyShow.BMSTest@b2c9a9c]" started-at="2025-03-09T00:22:30 IST" name="setup" finished-at="2025-03-09T00:22:32 IST" duration-ms="1890" status="PASS">
          <reporter-output>
          </reporter-output>
        </test-method> <!-- setup -->
        <test-method signature="testBookTickets()[pri:0, instance:com.bms.BookMyShow.BMSTest@b2c9a9c]" started-at="2025-03-09T00:22:32 IST" name="testBookTickets" finished-at="2025-03-09T00:22:36 IST" duration-ms="3956" status="PASS">
          <reporter-output>
          </reporter-output>
        </test-method> <!-- testBookTickets -->
        <test-method is-config="true" signature="tearDown()[pri:0, instance:com.bms.BookMyShow.BMSTest@b2c9a9c]" started-at="2025-03-09T00:22:36 IST" name="tearDown" finished-at="2025-03-09T00:22:43 IST" duration-ms="7807" status="PASS">
          <reporter-output>
          </reporter-output>
        </test-method> <!-- tearDown -->
      </class> <!-- com.bms.BookMyShow.BMSTest -->
    </test> <!-- Default test -->
  </suite> <!-- Default suite -->
</testng-results>
